3786845 execve("./philo", ["./philo", "5", "800", "200", "200"], 0x7ffce6c18628 /* 72 vars */) = 0
3786845 brk(NULL)                       = 0x2705d000
3786845 arch_prctl(0x3001 /* ARCH_??? */, 0x7ffec66b8e90) = -1 EINVAL (Invalid argument)
3786845 mmap(NULL, 8192, PROT_READ|PROT_WRITE, MAP_PRIVATE|MAP_ANONYMOUS, -1, 0) = 0x7f1ee23a4000
3786845 access("/etc/ld.so.preload", R_OK) = -1 ENOENT (No such file or directory)
3786845 openat(AT_FDCWD, "/etc/ld.so.cache", O_RDONLY|O_CLOEXEC) = 3
3786845 newfstatat(3, "", {st_mode=S_IFREG|0644, st_size=89980, ...}, AT_EMPTY_PATH) = 0
3786845 mmap(NULL, 89980, PROT_READ, MAP_PRIVATE, 3, 0) = 0x7f1ee238e000
3786845 close(3)                        = 0
3786845 openat(AT_FDCWD, "/lib/x86_64-linux-gnu/libc.so.6", O_RDONLY|O_CLOEXEC) = 3
3786845 read(3, "\177ELF\2\1\1\3\0\0\0\0\0\0\0\0\3\0>\0\1\0\0\0P\237\2\0\0\0\0\0"..., 832) = 832
3786845 pread64(3, "\6\0\0\0\4\0\0\0@\0\0\0\0\0\0\0@\0\0\0\0\0\0\0@\0\0\0\0\0\0\0"..., 784, 64) = 784
3786845 pread64(3, "\4\0\0\0 \0\0\0\5\0\0\0GNU\0\2\0\0\300\4\0\0\0\3\0\0\0\0\0\0\0"..., 48, 848) = 48
3786845 pread64(3, "\4\0\0\0\24\0\0\0\3\0\0\0GNU\0\325\31p\226\367\t\200\30)\261\30\257\33|\366c"..., 68, 896) = 68
3786845 newfstatat(3, "", {st_mode=S_IFREG|0755, st_size=2220400, ...}, AT_EMPTY_PATH) = 0
3786845 pread64(3, "\6\0\0\0\4\0\0\0@\0\0\0\0\0\0\0@\0\0\0\0\0\0\0@\0\0\0\0\0\0\0"..., 784, 64) = 784
3786845 mmap(NULL, 2264656, PROT_READ, MAP_PRIVATE|MAP_DENYWRITE, 3, 0) = 0x7f1ee2165000
3786845 mprotect(0x7f1ee218d000, 2023424, PROT_NONE) = 0
3786845 mmap(0x7f1ee218d000, 1658880, PROT_READ|PROT_EXEC, MAP_PRIVATE|MAP_FIXED|MAP_DENYWRITE, 3, 0x28000) = 0x7f1ee218d000
3786845 mmap(0x7f1ee2322000, 360448, PROT_READ, MAP_PRIVATE|MAP_FIXED|MAP_DENYWRITE, 3, 0x1bd000) = 0x7f1ee2322000
3786845 mmap(0x7f1ee237b000, 24576, PROT_READ|PROT_WRITE, MAP_PRIVATE|MAP_FIXED|MAP_DENYWRITE, 3, 0x215000) = 0x7f1ee237b000
3786845 mmap(0x7f1ee2381000, 52816, PROT_READ|PROT_WRITE, MAP_PRIVATE|MAP_FIXED|MAP_ANONYMOUS, -1, 0) = 0x7f1ee2381000
3786845 close(3)                        = 0
3786845 mmap(NULL, 12288, PROT_READ|PROT_WRITE, MAP_PRIVATE|MAP_ANONYMOUS, -1, 0) = 0x7f1ee2162000
3786845 arch_prctl(ARCH_SET_FS, 0x7f1ee2162740) = 0
3786845 set_tid_address(0x7f1ee2162a10) = 3786845
3786845 set_robust_list(0x7f1ee2162a20, 24) = 0
3786845 rseq(0x7f1ee21630e0, 0x20, 0, 0x53053053) = 0
3786845 mprotect(0x7f1ee237b000, 16384, PROT_READ) = 0
3786845 mprotect(0x404000, 4096, PROT_READ) = 0
3786845 mprotect(0x7f1ee23de000, 8192, PROT_READ) = 0
3786845 prlimit64(0, RLIMIT_STACK, NULL, {rlim_cur=8192*1024, rlim_max=RLIM64_INFINITY}) = 0
3786845 munmap(0x7f1ee238e000, 89980)   = 0
3786845 getrandom("\xcb\x33\xde\xee\x00\x4b\xf1\x02", 8, GRND_NONBLOCK) = 8
3786845 brk(NULL)                       = 0x2705d000
3786845 brk(0x2707e000)                 = 0x2707e000
3786845 rt_sigaction(SIGRT_1, {sa_handler=0x7f1ee21f6870, sa_mask=[], sa_flags=SA_RESTORER|SA_ONSTACK|SA_RESTART|SA_SIGINFO, sa_restorer=0x7f1ee21a7520}, NULL, 8) = 0
3786845 rt_sigprocmask(SIG_UNBLOCK, [RTMIN RT_1], NULL, 8) = 0
3786845 mmap(NULL, 8392704, PROT_NONE, MAP_PRIVATE|MAP_ANONYMOUS|MAP_STACK, -1, 0) = 0x7f1ee1961000
3786845 mprotect(0x7f1ee1962000, 8388608, PROT_READ|PROT_WRITE) = 0
3786845 rt_sigprocmask(SIG_BLOCK, ~[], [], 8) = 0
3786845 clone3({flags=CLONE_VM|CLONE_FS|CLONE_FILES|CLONE_SIGHAND|CLONE_THREAD|CLONE_SYSVSEM|CLONE_SETTLS|CLONE_PARENT_SETTID|CLONE_CHILD_CLEARTID, child_tid=0x7f1ee2161910, parent_tid=0x7f1ee2161910, exit_signal=0, stack=0x7f1ee1961000, stack_size=0x7fff00, tls=0x7f1ee2161640} => {parent_tid=[3786846]}, 88) = 3786846
3786846 rseq(0x7f1ee2161fe0, 0x20, 0, 0x53053053 <unfinished ...>
3786845 rt_sigprocmask(SIG_SETMASK, [],  <unfinished ...>
3786846 <... rseq resumed>)             = 0
3786845 <... rt_sigprocmask resumed>NULL, 8) = 0
3786846 set_robust_list(0x7f1ee2161920, 24 <unfinished ...>
3786845 mmap(NULL, 8392704, PROT_NONE, MAP_PRIVATE|MAP_ANONYMOUS|MAP_STACK, -1, 0 <unfinished ...>
3786846 <... set_robust_list resumed>)  = 0
3786845 <... mmap resumed>)             = 0x7f1ee1160000
3786845 mprotect(0x7f1ee1161000, 8388608, PROT_READ|PROT_WRITE <unfinished ...>
3786846 rt_sigprocmask(SIG_SETMASK, [],  <unfinished ...>
3786845 <... mprotect resumed>)         = 0
3786845 rt_sigprocmask(SIG_BLOCK, ~[],  <unfinished ...>
3786846 <... rt_sigprocmask resumed>NULL, 8) = 0
3786845 <... rt_sigprocmask resumed>[], 8) = 0
3786845 clone3({flags=CLONE_VM|CLONE_FS|CLONE_FILES|CLONE_SIGHAND|CLONE_THREAD|CLONE_SYSVSEM|CLONE_SETTLS|CLONE_PARENT_SETTID|CLONE_CHILD_CLEARTID, child_tid=0x7f1ee1960910, parent_tid=0x7f1ee1960910, exit_signal=0, stack=0x7f1ee1160000, stack_size=0x7fff00, tls=0x7f1ee1960640} => {parent_tid=[3786847]}, 88) = 3786847
3786846 clock_nanosleep(CLOCK_REALTIME, 0, {tv_sec=0, tv_nsec=250000},  <unfinished ...>
3786845 rt_sigprocmask(SIG_SETMASK, [], NULL, 8) = 0
3786845 mmap(NULL, 8392704, PROT_NONE, MAP_PRIVATE|MAP_ANONYMOUS|MAP_STACK, -1, 0) = -1 ENOMEM (Cannot allocate memory)
3786845 newfstatat(1, "",  <unfinished ...>
3786847 rseq(0x7f1ee1960fe0, 0x20, 0, 0x53053053 <unfinished ...>
3786845 <... newfstatat resumed>{st_mode=S_IFCHR|0620, st_rdev=makedev(0x88, 0x2), ...}, AT_EMPTY_PATH) = 0
3786845 write(1, "failed to create thread_id\n", 27) = 27
3786845 write(1, "\n", 1)               = 1
3786845 write(1, "Valid Input Arguments: \n", 24 <unfinished ...>
3786847 <... rseq resumed>)             = 0
3786845 <... write resumed>)            = 24
3786847 set_robust_list(0x7f1ee1960920, 24 <unfinished ...>
3786845 write(1, "number_of_philosophers time_to_d"..., 106 <unfinished ...>
3786847 <... set_robust_list resumed>)  = 0
3786845 <... write resumed>)            = 106
3786847 rt_sigprocmask(SIG_SETMASK, [],  <unfinished ...>
3786845 --- SIGSEGV {si_signo=SIGSEGV, si_code=SEGV_MAPERR, si_addr=0x8} ---
3786847 <... rt_sigprocmask resumed>NULL, 8) = 0
3786846 <... clock_nanosleep resumed> <unfinished ...>) = ?
3786847 +++ killed by SIGSEGV (core dumped) +++
3786846 +++ killed by SIGSEGV (core dumped) +++
3786845 +++ killed by SIGSEGV (core dumped) +++
